<?xml version="1.0" encoding="UTF-8"?>
<testsuite name="test.com.efrat.example.devops.echoServerFEApp.resources.echo.EchoTest" tests="1" skipped="0" failures="0" errors="0" timestamp="2019-02-14T09:22:31" hostname="IL-TLV-TMELTSE4" time="4.04">
  <properties/>
  <testcase name="testGetEcho" classname="test.com.efrat.example.devops.echoServerFEApp.resources.echo.EchoTest" time="4.04"/>
  <system-out><![CDATA[]]></system-out>
  <system-err><![CDATA[]]></system-err>
</testsuite>
