<?xml version="1.0" encoding="UTF-8"?>
<testsuite name="test.com.efrat.example.devops.echoServerFEApp.resources.echo.EchoTest" tests="1" skipped="0" failures="0" errors="0" timestamp="2019-02-07T15:26:24" hostname="IL-TLV-TMELTSE4" time="0.904">
  <properties/>
  <testcase name="testGetEcho" classname="test.com.efrat.example.devops.echoServerFEApp.resources.echo.EchoTest" time="0.904"/>
  <system-out><![CDATA[]]></system-out>
  <system-err><![CDATA[]]></system-err>
</testsuite>
